[INFO] Scanning for projects...
[INFO] 
[INFO] --------------------< groupSDET:CodeTestAutomation >--------------------
[INFO] Building Automation SDET 0.0.1-SNAPSHOT
[INFO] --------------------------------[ jar ]---------------------------------
[INFO] 
[INFO] --- maven-clean-plugin:2.5:clean (default-clean) @ CodeTestAutomation ---
[INFO] Deleting C:\xampp\htdocs\CodeTestAutomation\target
[INFO] 
[INFO] --- maven-resources-plugin:2.6:resources (default-resources) @ CodeTestAutomation ---
[WARNING] Using platform encoding (Cp1252 actually) to copy filtered resources, i.e. build is platform dependent!
[INFO] Copying 0 resource
[INFO] 
[INFO] --- maven-compiler-plugin:3.1:compile (default-compile) @ CodeTestAutomation ---
[INFO] Nothing to compile - all classes are up to date
[INFO] 
[INFO] --- maven-resources-plugin:2.6:testResources (default-testResources) @ CodeTestAutomation ---
[WARNING] Using platform encoding (Cp1252 actually) to copy filtered resources, i.e. build is platform dependent!
[INFO] Copying 0 resource
[INFO] 
[INFO] --- maven-compiler-plugin:3.1:testCompile (default-testCompile) @ CodeTestAutomation ---
[INFO] Changes detected - recompiling the module!
[WARNING] File encoding has not been set, using platform encoding Cp1252, i.e. build is platform dependent!
[INFO] Compiling 3 source files to C:\xampp\htdocs\CodeTestAutomation\target\test-classes
[INFO] -------------------------------------------------------------
[ERROR] COMPILATION ERROR : 
[INFO] -------------------------------------------------------------
[ERROR] /C:/xampp/htdocs/CodeTestAutomation/src/test/java/test/EjerciceSevenHandleStringTest.java:[3,30] cannot access org.testng.annotations.Test
  bad class file: C:\Users\Gimenez\.m2\repository\org\testng\testng\7.6.1\testng-7.6.1.jar(org/testng/annotations/Test.class)
    class file has wrong version 55.0, should be 52.0
    Please remove or make sure it appears in the correct subdirectory of the classpath.
[INFO] 1 error
[INFO] -------------------------------------------------------------
[INFO] ------------------------------------------------------------------------
[INFO] BUILD FAILURE
[INFO] ------------------------------------------------------------------------
[INFO] Total time:  1.827 s
[INFO] Finished at: 2022-07-17T13:18:36-03:00
[INFO] ------------------------------------------------------------------------
[ERROR] Failed to execute goal org.apache.maven.plugins:maven-compiler-plugin:3.1:testCompile (default-testCompile) on project CodeTestAutomation: Compilation failure
[ERROR] /C:/xampp/htdocs/CodeTestAutomation/src/test/java/test/EjerciceSevenHandleStringTest.java:[3,30] cannot access org.testng.annotations.Test
[ERROR]   bad class file: C:\Users\Gimenez\.m2\repository\org\testng\testng\7.6.1\testng-7.6.1.jar(org/testng/annotations/Test.class)
[ERROR]     class file has wrong version 55.0, should be 52.0
[ERROR]     Please remove or make sure it appears in the correct subdirectory of the classpath.
[ERROR] 
[ERROR] -> [Help 1]
[ERROR] 
[ERROR] To see the full stack trace of the errors, re-run Maven with the -e switch.
[ERROR] Re-run Maven using the -X switch to enable full debug logging.
[ERROR] 
[ERROR] For more information about the errors and possible solutions, please read the following articles:
[ERROR] [Help 1] http://cwiki.apache.org/confluence/display/MAVEN/MojoFailureException
